2025-06-03 19:06:07,992 - __main__ - ERROR - DISCORD_TOKEN environment variable not found!
2025-06-03 19:06:07,993 - __main__ - INFO - Bot shutdown complete
2025-06-03 19:15:16,810 - discord.client - WARNING - PyNaCl is not installed, voice will NOT be supported
2025-06-03 19:15:16,811 - discord.client - INFO - logging in using static token
2025-06-03 19:15:17,767 - bot.core - INFO - Setting up bot...
2025-06-03 19:15:17,770 - bot.events.economy - INFO - Processing passive earnings...
2025-06-03 19:15:17,770 - bot.events.economy - INFO - Passive earnings complete: 0 users processed, 0 total tokens earned
2025-06-03 19:15:17,770 - bot.core - INFO - Completed cleanup tasks
2025-06-03 19:15:18,510 - bot.core - INFO - Synced 32 slash commands
2025-06-03 19:15:18,728 - discord.gateway - INFO - Shard ID None has connected to Gateway (Session ID: a3afc56c4fc62574c68edaa2ad1cc626).
2025-06-03 19:15:20,739 - bot.core - INFO - Apple#1112 has connected to Discord!
2025-06-03 19:15:20,739 - bot.core - INFO - Connected to 2 guilds
2025-06-03 19:15:26,527 - discord.gateway - INFO - Shard ID None has successfully RESUMED session a3afc56c4fc62574c68edaa2ad1cc626.
2025-06-03 19:19:23,178 - discord.client - WARNING - PyNaCl is not installed, voice will NOT be supported
2025-06-03 19:19:23,178 - discord.client - INFO - logging in using static token
2025-06-03 19:19:23,648 - bot.core - INFO - Setting up bot...
2025-06-03 19:19:23,650 - bot.events.economy - INFO - Processing passive earnings...
2025-06-03 19:19:23,650 - bot.events.economy - INFO - Passive earnings complete: 0 users processed, 0 total tokens earned
2025-06-03 19:19:23,650 - bot.core - INFO - Completed cleanup tasks
2025-06-03 19:19:24,175 - bot.core - INFO - Synced 32 slash commands
2025-06-03 19:19:24,394 - discord.gateway - INFO - Shard ID None has connected to Gateway (Session ID: 386460e75b6398703011a1393fda994e).
2025-06-03 19:19:26,437 - bot.core - INFO - Apple#1112 has connected to Discord!
2025-06-03 19:19:26,437 - bot.core - INFO - Connected to 2 guilds
2025-06-03 19:24:06,361 - discord.client - WARNING - PyNaCl is not installed, voice will NOT be supported
2025-06-03 19:24:06,362 - discord.client - INFO - logging in using static token
2025-06-03 19:24:06,837 - bot.core - INFO - Setting up bot...
2025-06-03 19:24:06,839 - bot.events.economy - INFO - Processing passive earnings...
2025-06-03 19:24:06,839 - bot.events.economy - INFO - Passive earnings complete: 0 users processed, 0 total tokens earned
2025-06-03 19:24:06,839 - bot.core - INFO - Completed cleanup tasks
2025-06-03 19:24:07,283 - bot.core - INFO - Synced 34 slash commands
2025-06-03 19:24:07,563 - discord.gateway - INFO - Shard ID None has connected to Gateway (Session ID: 7023718ea4aa6a3fded5bdac3bd76e60).
2025-06-03 19:24:09,569 - bot.core - INFO - Apple#1112 has connected to Discord!
2025-06-03 19:24:09,569 - bot.core - INFO - Connected to 2 guilds
2025-06-03 19:32:25,653 - bot.commands.core - ERROR - Error in lock command: name 'asyncio' is not defined
2025-06-03 19:32:25,653 - discord.app_commands.tree - ERROR - Ignoring exception in command 'lock'
Traceback (most recent call last):
  File "/home/runner/workspace/bot/commands/core.py", line 269, in lock
    await self._schedule_unlock(channel.id, duration_seconds)
  File "/home/runner/workspace/bot/commands/core.py", line 346, in _schedule_unlock
    await asyncio.sleep(duration_seconds)
          ^^^^^^^
NameError: name 'asyncio' is not defined

During handling of the above exception, another exception occurred:

Traceback (most recent call last):
  File "/home/runner/workspace/.pythonlibs/lib/python3.11/site-packages/discord/app_commands/commands.py", line 857, in _do_call
    return await self._callback(self.binding, interaction, **params)  # type: ignore
           ^^^^^^^^^^^^^^^^^^^^^^^^^^^^^^^^^^^^^^^^^^^^^^^^^^^^^^^^^
  File "/home/runner/workspace/bot/commands/core.py", line 276, in lock
    await interaction.response.send_message(
  File "/home/runner/workspace/.pythonlibs/lib/python3.11/site-packages/discord/interactions.py", line 976, in send_message
    raise InteractionResponded(self._parent)
discord.errors.InteractionResponded: This interaction has already been responded to before

The above exception was the direct cause of the following exception:

Traceback (most recent call last):
  File "/home/runner/workspace/.pythonlibs/lib/python3.11/site-packages/discord/app_commands/tree.py", line 1310, in _call
    await command._invoke_with_namespace(interaction, namespace)
  File "/home/runner/workspace/.pythonlibs/lib/python3.11/site-packages/discord/app_commands/commands.py", line 883, in _invoke_with_namespace
    return await self._do_call(interaction, transformed_values)
           ^^^^^^^^^^^^^^^^^^^^^^^^^^^^^^^^^^^^^^^^^^^^^^^^^^^^
  File "/home/runner/workspace/.pythonlibs/lib/python3.11/site-packages/discord/app_commands/commands.py", line 876, in _do_call
    raise CommandInvokeError(self, e) from e
discord.app_commands.errors.CommandInvokeError: Command 'lock' raised an exception: InteractionResponded: This interaction has already been responded to before
2025-06-03 19:34:41,421 - discord.gateway - INFO - Shard ID None has successfully RESUMED session 7023718ea4aa6a3fded5bdac3bd76e60.
2025-06-03 19:46:53,594 - bot.utils.scheduler - ERROR - Error executing reminder reminder_1286162122530750518_1748980013: name 'discord' is not defined
2025-06-03 19:51:55,345 - discord.app_commands.tree - ERROR - Ignoring exception in command 'slowmode'
Traceback (most recent call last):
  File "/home/runner/workspace/.pythonlibs/lib/python3.11/site-packages/discord/app_commands/tree.py", line 1310, in _call
    await command._invoke_with_namespace(interaction, namespace)
  File "/home/runner/workspace/.pythonlibs/lib/python3.11/site-packages/discord/app_commands/commands.py", line 880, in _invoke_with_namespace
    raise CheckFailure(f'The check functions for command {self.name!r} failed.')
discord.app_commands.errors.CheckFailure: The check functions for command 'slowmode' failed.
2025-06-03 19:52:39,090 - bot.utils.scheduler - ERROR - Error executing giveaway end giveaway_1379235706278383827_1379547852845613127: name 'discord' is not defined
2025-06-03 20:06:26,988 - discord.client - WARNING - PyNaCl is not installed, voice will NOT be supported
2025-06-03 20:06:26,990 - discord.client - INFO - logging in using static token
2025-06-03 20:06:27,446 - bot.core - INFO - Setting up bot...
2025-06-03 20:06:27,449 - bot.events.economy - INFO - Processing passive earnings...
2025-06-03 20:06:27,449 - bot.events.economy - INFO - Passive earnings complete: 0 users processed, 0 total tokens earned
2025-06-03 20:06:27,449 - bot.core - INFO - Completed cleanup tasks
2025-06-03 20:06:27,640 - bot.core - INFO - Synced 34 slash commands
2025-06-03 20:06:27,923 - discord.gateway - INFO - Shard ID None has connected to Gateway (Session ID: 609db0484a6162e4e80177b64bf9fbb9).
2025-06-03 20:06:29,932 - bot.core - INFO - Apple#1112 has connected to Discord!
2025-06-03 20:06:29,932 - bot.core - INFO - Connected to 2 guilds
2025-06-03 20:10:30,995 - discord.client - WARNING - PyNaCl is not installed, voice will NOT be supported
2025-06-03 20:10:30,997 - discord.client - INFO - logging in using static token
2025-06-03 20:10:31,423 - bot.core - INFO - Setting up bot...
2025-06-03 20:10:31,425 - bot.events.economy - INFO - Processing passive earnings...
2025-06-03 20:10:31,426 - bot.events.economy - INFO - Passive earnings complete: 0 users processed, 0 total tokens earned
2025-06-03 20:10:31,426 - bot.core - INFO - Completed cleanup tasks
2025-06-03 20:10:31,740 - bot.core - INFO - Synced 34 slash commands
2025-06-03 20:10:31,941 - discord.gateway - INFO - Shard ID None has connected to Gateway (Session ID: ba66516da5089e1ea23ab287b82b5709).
2025-06-03 20:10:33,947 - bot.core - INFO - Apple#1112 has connected to Discord!
2025-06-03 20:10:33,948 - bot.core - INFO - Connected to 2 guilds
2025-06-03 20:12:17,725 - discord.client - WARNING - PyNaCl is not installed, voice will NOT be supported
2025-06-03 20:12:17,726 - discord.client - INFO - logging in using static token
2025-06-03 20:12:18,066 - bot.core - INFO - Setting up bot...
2025-06-03 20:12:18,069 - bot.events.economy - INFO - Processing passive earnings...
2025-06-03 20:12:18,069 - bot.events.economy - INFO - Passive earnings complete: 0 users processed, 0 total tokens earned
2025-06-03 20:12:18,069 - bot.core - INFO - Completed cleanup tasks
2025-06-03 20:12:18,505 - bot.core - INFO - Synced 34 slash commands
2025-06-03 20:12:18,695 - discord.gateway - INFO - Shard ID None has connected to Gateway (Session ID: b897b9272f3b73f12ab07221f6a977d8).
2025-06-03 20:12:20,704 - bot.core - INFO - Apple#1112 has connected to Discord!
2025-06-03 20:12:20,704 - bot.core - INFO - Connected to 2 guilds
